Determining if the include file libavformat/avformat.h exists failed with the following output:
Change Dir: /home/Tiandao/workspace/opencv/OpenCV-2.3.0/CMakeFiles/CMakeTmp

Run Build Command:/usr/bin/gmake "cmTryCompileExec/fast"
/usr/bin/gmake -f CMakeFiles/cmTryCompileExec.dir/build.make CMakeFiles/cmTryCompileExec.dir/build
gmake[1]: Entering directory `/home/Tiandao/workspace/opencv/OpenCV-2.3.0/CMakeFiles/CMakeTmp'
/usr/bin/cmake -E cmake_progress_report /home/Tiandao/workspace/opencv/OpenCV-2.3.0/CMakeFiles/CMakeTmp/CMakeFiles 1
Building C object CMakeFiles/cmTryCompileExec.dir/CheckIncludeFile.c.o
/usr/lib/ccache/gcc    -o CMakeFiles/cmTryCompileExec.dir/CheckIncludeFile.c.o   -c /home/Tiandao/workspace/opencv/OpenCV-2.3.0/CMakeFiles/CMakeTmp/CheckIncludeFile.c
/home/Tiandao/workspace/opencv/OpenCV-2.3.0/CMakeFiles/CMakeTmp/CheckIncludeFile.c:1:34: fatal error: libavformat/avformat.h: No such file or directory
compilation terminated.
gmake[1]: *** [CMakeFiles/cmTryCompileExec.dir/CheckIncludeFile.c.o] Error 1
gmake[1]: Leaving directory `/home/Tiandao/workspace/opencv/OpenCV-2.3.0/CMakeFiles/CMakeTmp'
gmake: *** [cmTryCompileExec/fast] Error 2


Determining if the include file ffmpeg/avformat.h exists failed with the following output:
Change Dir: /home/Tiandao/workspace/opencv/OpenCV-2.3.0/CMakeFiles/CMakeTmp

Run Build Command:/usr/bin/gmake "cmTryCompileExec/fast"
/usr/bin/gmake -f CMakeFiles/cmTryCompileExec.dir/build.make CMakeFiles/cmTryCompileExec.dir/build
gmake[1]: Entering directory `/home/Tiandao/workspace/opencv/OpenCV-2.3.0/CMakeFiles/CMakeTmp'
/usr/bin/cmake -E cmake_progress_report /home/Tiandao/workspace/opencv/OpenCV-2.3.0/CMakeFiles/CMakeTmp/CMakeFiles 1
Building C object CMakeFiles/cmTryCompileExec.dir/CheckIncludeFile.c.o
/usr/lib/ccache/gcc    -o CMakeFiles/cmTryCompileExec.dir/CheckIncludeFile.c.o   -c /home/Tiandao/workspace/opencv/OpenCV-2.3.0/CMakeFiles/CMakeTmp/CheckIncludeFile.c
/home/Tiandao/workspace/opencv/OpenCV-2.3.0/CMakeFiles/CMakeTmp/CheckIncludeFile.c:1:29: fatal error: ffmpeg/avformat.h: No such file or directory
compilation terminated.
gmake[1]: Leaving directory `/home/Tiandao/workspace/opencv/OpenCV-2.3.0/CMakeFiles/CMakeTmp'
gmake[1]: *** [CMakeFiles/cmTryCompileExec.dir/CheckIncludeFile.c.o] Error 1
gmake: *** [cmTryCompileExec/fast] Error 2


Determining if the include file /usr/include/libpng/png.h exists failed with the following output:
Change Dir: /home/Tiandao/workspace/opencv/OpenCV-2.3.0/CMakeFiles/CMakeTmp

Run Build Command:/usr/bin/gmake "cmTryCompileExec/fast"
/usr/bin/gmake -f CMakeFiles/cmTryCompileExec.dir/build.make CMakeFiles/cmTryCompileExec.dir/build
gmake[1]: Entering directory `/home/Tiandao/workspace/opencv/OpenCV-2.3.0/CMakeFiles/CMakeTmp'
/usr/bin/cmake -E cmake_progress_report /home/Tiandao/workspace/opencv/OpenCV-2.3.0/CMakeFiles/CMakeTmp/CMakeFiles 1
Building C object CMakeFiles/cmTryCompileExec.dir/CheckIncludeFile.c.o
/usr/lib/ccache/gcc    -o CMakeFiles/cmTryCompileExec.dir/CheckIncludeFile.c.o   -c /home/Tiandao/workspace/opencv/OpenCV-2.3.0/CMakeFiles/CMakeTmp/CheckIncludeFile.c
/home/Tiandao/workspace/opencv/OpenCV-2.3.0/CMakeFiles/CMakeTmp/CheckIncludeFile.c:1:37: fatal error: /usr/include/libpng/png.h: No such file or directory
compilation terminated.
gmake[1]: *** [CMakeFiles/cmTryCompileExec.dir/CheckIncludeFile.c.o] Error 1
gmake[1]: Leaving directory `/home/Tiandao/workspace/opencv/OpenCV-2.3.0/CMakeFiles/CMakeTmp'
gmake: *** [cmTryCompileExec/fast] Error 2


Determining if the function alloca exists failed with the following output:
Change Dir: /home/Tiandao/workspace/opencv/OpenCV-2.3.0/CMakeFiles/CMakeTmp

Run Build Command:/usr/bin/gmake "cmTryCompileExec/fast"
/usr/bin/gmake -f CMakeFiles/cmTryCompileExec.dir/build.make CMakeFiles/cmTryCompileExec.dir/build
gmake[1]: Entering directory `/home/Tiandao/workspace/opencv/OpenCV-2.3.0/CMakeFiles/CMakeTmp'
/usr/bin/cmake -E cmake_progress_report /home/Tiandao/workspace/opencv/OpenCV-2.3.0/CMakeFiles/CMakeTmp/CMakeFiles 1
Building C object CMakeFiles/cmTryCompileExec.dir/CheckFunctionExists.c.o
/usr/lib/ccache/gcc   -DCHECK_FUNCTION_EXISTS=alloca   -o CMakeFiles/cmTryCompileExec.dir/CheckFunctionExists.c.o   -c /usr/share/cmake/Modules/CheckFunctionExists.c
/usr/share/cmake/Modules/CheckFunctionExists.c:3:6: warning: conflicting types for built-in function ‘alloca’
Linking C executable cmTryCompileExec
/usr/bin/cmake -E cmake_link_script CMakeFiles/cmTryCompileExec.dir/link.txt --verbose=1
/usr/lib/ccache/gcc     -DCHECK_FUNCTION_EXISTS=alloca   CMakeFiles/cmTryCompileExec.dir/CheckFunctionExists.c.o  -o cmTryCompileExec -rdynamic 
CMakeFiles/cmTryCompileExec.dir/CheckFunctionExists.c.o: In function `main':
CheckFunctionExists.c:(.text+0x12): undefined reference to `alloca'
collect2: ld returned 1 exit status
gmake[1]: *** [cmTryCompileExec] Error 1
gmake[1]: Leaving directory `/home/Tiandao/workspace/opencv/OpenCV-2.3.0/CMakeFiles/CMakeTmp'
gmake: *** [cmTryCompileExec/fast] Error 2


